<?xml version="1.0" encoding="UTF-8"?>
<testng-results skipped="0" failed="0" total="2" passed="2">
  <reporter-output>
  </reporter-output>
  <suite name="Default suite" duration-ms="1606" started-at="2020-05-09T12:59:51Z" finished-at="2020-05-09T12:59:53Z">
    <groups>
      <group name="cucumber">
        <method signature="AbstractTestNGCucumberTests.feature(cucumber.api.testng.CucumberFeatureWrapper)[pri:0, instance:com.testrunner.PostTestNGRunner@27efef64]" name="feature" class="cucumber.api.testng.AbstractTestNGCucumberTests"/>
      </group> <!-- cucumber -->
    </groups>
    <test name="Default test" duration-ms="1606" started-at="2020-05-09T12:59:51Z" finished-at="2020-05-09T12:59:53Z">
      <class name="com.testrunner.PostTestNGRunner">
        <test-method status="PASS" signature="setUpClass()[pri:0, instance:com.testrunner.PostTestNGRunner@27efef64]" name="setUpClass" is-config="true" duration-ms="1021" started-at="2020-05-09T18:29:51Z" finished-at="2020-05-09T18:29:52Z">
          <reporter-output>
          </reporter-output>
        </test-method> <!-- setUpClass -->
        <test-method status="PASS" signature="feature(cucumber.api.testng.CucumberFeatureWrapper)[pri:0, instance:com.testrunner.PostTestNGRunner@27efef64]" name="feature" duration-ms="349" started-at="2020-05-09T18:29:52Z" description="Runs Cucumber Feature" data-provider="features" finished-at="2020-05-09T18:29:53Z">
          <params>
            <param index="0">
              <value>
                <![CDATA[Usedr login Feature]]>
              </value>
            </param>
          </params>
          <reporter-output>
          </reporter-output>
        </test-method> <!-- feature -->
        <test-method status="PASS" signature="feature(cucumber.api.testng.CucumberFeatureWrapper)[pri:0, instance:com.testrunner.PostTestNGRunner@27efef64]" name="feature" duration-ms="26" started-at="2020-05-09T18:29:53Z" description="Runs Cucumber Feature" data-provider="features" finished-at="2020-05-09T18:29:53Z">
          <params>
            <param index="0">
              <value>
                <![CDATA[Post feature of facebook]]>
              </value>
            </param>
          </params>
          <reporter-output>
          </reporter-output>
        </test-method> <!-- feature -->
        <test-method status="PASS" signature="tearDownClass()[pri:0, instance:com.testrunner.PostTestNGRunner@27efef64]" name="tearDownClass" is-config="true" duration-ms="7" started-at="2020-05-09T18:29:53Z" finished-at="2020-05-09T18:29:53Z">
          <reporter-output>
          </reporter-output>
        </test-method> <!-- tearDownClass -->
      </class> <!-- com.testrunner.PostTestNGRunner -->
    </test> <!-- Default test -->
  </suite> <!-- Default suite -->
</testng-results>
